[DEBUG] Effective KNIGHT_MOVES order:
  0: (+2,+1)
  1: (+1,+2)
  2: (-1,+2)
  3: (-2,+1)
  4: (-2,-1)
  5: (-1,-2)
  6: (+1,-2)
  7: (+2,-1)
Board size  : 5x6
Start pos   : (3,2)
Tour type   : Open
Search mode : Centrifugal (prefer edges)
Move order  : canonical
[DEBUG] Initial generated moves from start square:
  0: (6,2)
  1: (6,6)
  2: (4,2)
  3: (3,3)
  4: (4,6)
  5: (3,5)

Solution found in 0.0002s:
  3  12  21  24   1
 20  29   2  11  22
 13   4  23   0  25
 28  19   8  15  10
  5  14  17  26   7
 18  27   6   9  16

Statistics:
  Total move examinations : 240
  Avg time per examination: 0.790 µs
